<?xml version="1.0" encoding="UTF-8"?>
<!-- Generated by org.testng.reporters.JUnitReportReporter -->
<testsuite hostname="DESKTOP-1BP2HB6" failures="0" tests="1" name="pac1.ContactTest" time="0.013" errors="0" timestamp="2025-03-19T12:21:17 IST" skipped="0">
  <testcase classname="pac1.ContactTest" name="createContactTest" time="0.013"/>
  <system-out/>
</testsuite> <!-- pac1.ContactTest -->
