<?xml version="1.0" encoding="UTF-8"?>
<!-- Generated by org.testng.reporters.JUnitReportReporter -->
<testsuite hostname="DESKTOP-1BP2HB6" failures="0" tests="2" name="pac1.ContactTest" time="0.024" errors="0" timestamp="2025-03-24T17:04:32 IST" skipped="0">
  <testcase classname="pac1.ContactTest" name="modifyContactTest" time="0.003"/>
  <system-out/>
  <testcase classname="pac1.ContactTest" name="createContactTest" time="0.021"/>
  <system-out/>
</testsuite> <!-- pac1.ContactTest -->
