<?xml version="1.0" encoding="UTF-8"?>
<!-- Generated by org.testng.reporters.JUnitReportReporter -->
<testsuite hostname="DESKTOP-1BP2HB6" failures="0" tests="1" name="pac2.Org" time="0.001" errors="0" timestamp="2025-03-19T12:21:17 IST" skipped="0">
  <testcase classname="pac2.Org" name="createOrgTest" time="0.001"/>
  <system-out/>
</testsuite> <!-- pac2.Org -->
